<?xml version="1.0" encoding="UTF-8"?>
<!-- Generated by org.testng.reporters.JUnitReportReporter -->
<testsuite hostname="WKWZT9jCabsNpSF" failures="0" tests="4" name="Day_3.MyFirstTestNGTest" time="0.008" errors="0" timestamp="2022-11-22T18:31:46 IST" skipped="0">
  <testcase classname="Day_3.MyFirstTestNGTest" name="logout" time="0.000"/>
  <system-out/>
  <testcase classname="Day_3.MyFirstTestNGTest" name="login" time="0.000"/>
  <system-out/>
  <testcase classname="Day_3.MyFirstTestNGTest" name="createaccount" time="0.007"/>
  <system-out/>
  <testcase classname="Day_3.MyFirstTestNGTest" name="deleteaccount" time="0.001"/>
  <system-out/>
</testsuite> <!-- Day_3.MyFirstTestNGTest -->
