<?xml version="1.0" encoding="UTF-8"?>
<!-- Generated by org.testng.reporters.JUnitReportReporter -->
<testsuite hostname="WKWZT9jCabsNpSF" failures="0" tests="4" name="Day_3.SmokeTest" time="14.499" errors="0" timestamp="2022-11-22T18:31:46 IST" skipped="0">
  <testcase classname="Day_3.SmokeTest" name="verifyTitle" time="3.543"/>
  <system-out/>
  <testcase classname="Day_3.SmokeTest" name="verifyForgetPasswordLink" time="3.825"/>
  <system-out/>
  <testcase classname="Day_3.SmokeTest" name="verifyUrl" time="3.463"/>
  <system-out/>
  <testcase classname="Day_3.SmokeTest" name="verifySocialMedia" time="3.668"/>
  <system-out/>
</testsuite> <!-- Day_3.SmokeTest -->
