<?xml version="1.0" encoding="UTF-8"?>
<!-- Generated by org.testng.reporters.JUnitReportReporter -->
<testsuite hostname="WKWZT9jCabsNpSF" failures="0" tests="4" name="day3.LoginTest" time="16.724" errors="0" timestamp="2022-11-22T18:31:46 IST" skipped="0">
  <testcase classname="day3.LoginTest" name="verifyUrl" time="3.563"/>
  <system-out/>
  <testcase classname="day3.LoginTest" name="verifyTitle" time="3.599"/>
  <system-out/>
  <testcase classname="day3.LoginTest" name="verifyForgetPassword" time="5.529"/>
  <system-out/>
  <testcase classname="day3.LoginTest" name="verifySocialMediaCount" time="4.033"/>
  <system-out/>
</testsuite> <!-- day3.LoginTest -->
