<?xml version="1.0" encoding="UTF-8"?>
<!-- Generated by org.testng.reporters.JUnitReportReporter -->
<testsuite hostname="WKWZT9jCabsNpSF" failures="0" tests="1" name="mine_day5.uploadFiles" time="8.093" errors="0" timestamp="2022-11-24T15:26:30 IST" skipped="0">
  <testcase classname="mine_day5.uploadFiles" name="test" time="8.093"/>
  <system-out/>
</testsuite> <!-- mine_day5.uploadFiles -->
