<?xml version="1.0" encoding="UTF-8"?>
<!-- Generated by org.testng.reporters.JUnitReportReporter -->
<testsuite hostname="WKWZT9jCabsNpSF" failures="0" tests="1" name="day1.Orange" time="28.530" errors="0" timestamp="2022-11-22T18:31:46 IST" skipped="0">
  <testcase classname="day1.Orange" name="test4" time="28.530"/>
  <system-out/>
</testsuite> <!-- day1.Orange -->
