<?xml version="1.0" encoding="UTF-8"?>
<!-- Generated by org.testng.reporters.JUnitReportReporter -->
<testsuite hostname="WKWZT9jCabsNpSF" failures="0" tests="1" name="day2.HandleMultipleWindow" time="1.243" errors="0" timestamp="2022-11-22T18:31:46 IST" skipped="0">
  <testcase classname="day2.HandleMultipleWindow" name="orangehrm" time="1.243"/>
  <system-out/>
</testsuite> <!-- day2.HandleMultipleWindow -->
