<?xml version="1.0" encoding="UTF-8"?>
<!-- Generated by org.testng.reporters.JUnitReportReporter -->
<testsuite hostname="WKWZT9jCabsNpSF" failures="0" tests="1" name="mine_day4.ReadingExcel3" time="0.404" errors="0" timestamp="2022-11-23T11:41:41 IST" skipped="0">
  <testcase classname="mine_day4.ReadingExcel3" name="testData" time="0.404"/>
  <system-out/>
</testsuite> <!-- mine_day4.ReadingExcel3 -->
