<?xml version="1.0" encoding="UTF-8"?>
<!-- Generated by org.testng.reporters.JUnitReportReporter -->
<testsuite hostname="WKWZT9jCabsNpSF" failures="0" tests="6" name="Day_3.LoginTest" time="9.359" errors="0" timestamp="2022-11-22T18:31:46 IST" skipped="0">
  <testcase classname="Day_3.LoginTest" name="createUser" time="3.562"/>
  <system-out/>
  <testcase classname="Day_3.LoginTest" name="checkWithoutUsername" time="0.179"/>
  <system-out/>
  <testcase classname="Day_3.LoginTest" name="checkWithoutPassword" time="0.153"/>
  <system-out/>
  <testcase classname="Day_3.LoginTest" name="checkWithoutCredentials" time="0.133"/>
  <system-out/>
  <testcase classname="Day_3.LoginTest" name="checkLogin" time="3.802"/>
  <system-out/>
  <testcase classname="Day_3.LoginTest" name="SignInWithNewUser" time="1.530"/>
  <system-out/>
</testsuite> <!-- Day_3.LoginTest -->
