<?xml version="1.0" encoding="UTF-8"?>
<!-- Generated by org.testng.reporters.JUnitReportReporter -->
<testsuite hostname="WKWZT9jCabsNpSF" failures="0" tests="1" name="day2.HandleAutoSuggestion" time="8.549" errors="0" timestamp="2022-11-22T18:31:46 IST" skipped="0">
  <testcase classname="day2.HandleAutoSuggestion" name="test7" time="8.549"/>
  <system-out/>
</testsuite> <!-- day2.HandleAutoSuggestion -->
