<?xml version="1.0" encoding="UTF-8"?>
<!-- Generated by org.testng.reporters.JUnitReportReporter -->
<testsuite hostname="WKWZT9jCabsNpSF" failures="0" tests="3" name="mine_day4.DDTexample" time="12.581" errors="0" timestamp="2022-11-23T11:50:45 IST" skipped="0">
  <testcase classname="mine_day4.DDTexample" name="login" time="5.456"/>
  <system-out/>
  <testcase classname="mine_day4.DDTexample" name="login" time="3.563"/>
  <system-out/>
  <testcase classname="mine_day4.DDTexample" name="login" time="3.562"/>
  <system-out/>
</testsuite> <!-- mine_day4.DDTexample -->
