<?xml version="1.0" encoding="UTF-8"?>
<!-- Generated by org.testng.reporters.JUnitReportReporter -->
<testsuite hostname="WKWZT9jCabsNpSF" failures="0" tests="4" name="mine_Day_3.MyFirstTestNGTest" time="0.000" errors="0" timestamp="2022-11-23T15:22:43 IST" skipped="0">
  <testcase classname="mine_Day_3.MyFirstTestNGTest" name="logout" time="0.000"/>
  <system-out/>
  <testcase classname="mine_Day_3.MyFirstTestNGTest" name="login" time="0.000"/>
  <system-out/>
  <testcase classname="mine_Day_3.MyFirstTestNGTest" name="createaccount" time="0.000"/>
  <system-out/>
  <testcase classname="mine_Day_3.MyFirstTestNGTest" name="deleteaccount" time="0.000"/>
  <system-out/>
</testsuite> <!-- mine_Day_3.MyFirstTestNGTest -->
