<?xml version="1.0" encoding="UTF-8"?>
<!-- Generated by org.testng.reporters.JUnitReportReporter -->
<testsuite hostname="WKWZT9jCabsNpSF" failures="0" tests="4" name="office_day3.SmokeTest" time="13.933" errors="0" timestamp="2022-11-23T15:22:43 IST" skipped="0">
  <testcase classname="office_day3.SmokeTest" name="verifySocialMediaCount" time="3.569"/>
  <system-out/>
  <testcase classname="office_day3.SmokeTest" name="verifyTitle" time="3.524"/>
  <system-out/>
  <testcase classname="office_day3.SmokeTest" name="verifyURL" time="3.262"/>
  <system-out/>
  <testcase classname="office_day3.SmokeTest" name="verifyForgotPasswordLink" time="3.578"/>
  <system-out/>
</testsuite> <!-- office_day3.SmokeTest -->
