<?xml version="1.0" encoding="UTF-8"?>
<!-- Generated by org.testng.reporters.JUnitReportReporter -->
<testsuite hostname="WKWZT9jCabsNpSF" failures="0" tests="4" name="mine_day1.MyFirstTestNGTest" time="0.004" errors="0" timestamp="2022-11-23T15:22:43 IST" skipped="0">
  <testcase classname="mine_day1.MyFirstTestNGTest" name="logout" time="0.003"/>
  <system-out/>
  <testcase classname="mine_day1.MyFirstTestNGTest" name="login" time="0.001"/>
  <system-out/>
  <testcase classname="mine_day1.MyFirstTestNGTest" name="createaccount" time="0.000"/>
  <system-out/>
  <testcase classname="mine_day1.MyFirstTestNGTest" name="deleteaccount" time="0.000"/>
  <system-out/>
</testsuite> <!-- mine_day1.MyFirstTestNGTest -->
