<?xml version="1.0" encoding="UTF-8"?>
<!-- Generated by org.testng.reporters.JUnitReportReporter -->
<testsuite hostname="WKWZT9jCabsNpSF" failures="0" tests="4" name="mine_Day_3.SmokeTest" time="13.790" errors="0" timestamp="2022-11-23T15:22:43 IST" skipped="0">
  <testcase classname="mine_Day_3.SmokeTest" name="verifyTitle" time="3.416"/>
  <system-out/>
  <testcase classname="mine_Day_3.SmokeTest" name="verifyUrl" time="3.535"/>
  <system-out/>
  <testcase classname="mine_Day_3.SmokeTest" name="verifyForgetPasswordLink" time="3.336"/>
  <system-out/>
  <testcase classname="mine_Day_3.SmokeTest" name="verifySocialMedia" time="3.503"/>
  <system-out/>
</testsuite> <!-- mine_Day_3.SmokeTest -->
