<?xml version="1.0" encoding="UTF-8"?>
<!-- Generated by org.testng.reporters.JUnitReportReporter -->
<testsuite hostname="WKWZT9jCabsNpSF" failures="0" tests="4" name="mine_day3.LoginTest" time="16.340" errors="0" timestamp="2022-11-23T15:22:43 IST" skipped="0">
  <testcase classname="mine_day3.LoginTest" name="verifyForgetPassword" time="5.761"/>
  <system-out/>
  <testcase classname="mine_day3.LoginTest" name="verifyUrl" time="3.592"/>
  <system-out/>
  <testcase classname="mine_day3.LoginTest" name="verifySocialMediaCount" time="3.632"/>
  <system-out/>
  <testcase classname="mine_day3.LoginTest" name="verifyTitle" time="3.355"/>
  <system-out/>
</testsuite> <!-- mine_day3.LoginTest -->
