<?xml version="1.0" encoding="UTF-8"?>
<!-- Generated by org.testng.reporters.JUnitReportReporter -->
<testsuite hostname="WKWZT9jCabsNpSF" failures="0" tests="6" name="mine_Day_3.LoginTest" time="8.687" errors="0" timestamp="2022-11-23T15:22:43 IST" skipped="0">
  <testcase classname="mine_Day_3.LoginTest" name="createUser" time="3.346"/>
  <system-out/>
  <testcase classname="mine_Day_3.LoginTest" name="checkWithoutUsername" time="0.188"/>
  <system-out/>
  <testcase classname="mine_Day_3.LoginTest" name="checkWithoutPassword" time="0.133"/>
  <system-out/>
  <testcase classname="mine_Day_3.LoginTest" name="checkWithoutCredentials" time="0.093"/>
  <system-out/>
  <testcase classname="mine_Day_3.LoginTest" name="checkLogin" time="3.580"/>
  <system-out/>
  <testcase classname="mine_Day_3.LoginTest" name="SignInWithNewUser" time="1.347"/>
  <system-out/>
</testsuite> <!-- mine_Day_3.LoginTest -->
